<?xml version="1.0" encoding="UTF-8"?>
<!-- Generated by org.testng.reporters.JUnitXMLReporter -->
<testsuite hostname="DESKTOP-QL74M3G" ignored="2" name="Default test" tests="5" failures="0" timestamp="2020-03-22T12:15:11 IST" time="86.603" errors="0">
  <testcase name="login" time="3.89" classname="com.qa.Testcases.LoginTest"/>
  <testcase name="confirmTitle" time="10.022" classname="com.qa.Testcases.ContactsTest"/>
  <testcase name="LoginDataExcel" time="17.023" classname="com.qa.Testcases.ContactsTest"/>
  <testcase name="LoginDataExcel" time="18.499" classname="com.qa.Testcases.ContactsTest"/>
  <testcase name="LoginDataExcel" time="17.227" classname="com.qa.Testcases.ContactsTest"/>
  <testcase name="Webtable" time="0.0" classname="com.qa.Testcases.ContactsTest">
    <ignored/>
  </testcase> <!-- Webtable -->
  <testcase name="createcontact" time="0.0" classname="com.qa.Testcases.ContactsTest">
    <ignored/>
  </testcase> <!-- createcontact -->
</testsuite> <!-- Default test -->
