<?xml version="1.0" encoding="UTF-8"?>
<!-- Generated by org.testng.reporters.JUnitXMLReporter -->
<testsuite hostname="DESKTOP-QL74M3G" ignored="2" name="Test" tests="3" failures="2" timestamp="24 Mar 2020 15:06:54 GMT" time="33.33" errors="0">
  <testcase name="login" time="8.331" classname="com.qa.Testcases.LoginTest"/>
  <testcase name="confirmTitle" time="5.168" classname="com.qa.Testcases.LoginTest">
    <failure type="java.lang.AssertionError" message="expected [Reports dashboard1] but found [Reports dashboard]">
      <![CDATA[java.lang.AssertionError: expected [Reports dashboard1] but found [Reports dashboard]
at com.qa.Testcases.LoginTest.confirmTitle(LoginTest.java:55)
... Removed 31 stack frames]]>
    </failure>
  </testcase> <!-- confirmTitle -->
  <testcase name="confirmTitle" time="6.445" classname="com.qa.Testcases.LoginTest">
    <failure type="java.lang.NullPointerException">
      <![CDATA[java.lang.NullPointerException
at com.qa.Util.ExtentsReporting.onTestFailure(ExtentsReporting.java:71)
... Removed 22 stack frames]]>
    </failure>
  </testcase> <!-- confirmTitle -->
  <testcase name="Webtable" time="0.0" classname="com.qa.Testcases.ContactsTest">
    <ignored/>
  </testcase> <!-- Webtable -->
  <testcase name="LoginDataExcel" time="0.0" classname="com.qa.Testcases.ContactsTest">
    <ignored/>
  </testcase> <!-- LoginDataExcel -->
</testsuite> <!-- Test -->
