<?xml version="1.0" encoding="UTF-8"?>
<!-- Generated by org.testng.reporters.JUnitXMLReporter -->
<testsuite hostname="DESKTOP-QL74M3G" ignored="4" name="Test(failed)" tests="1" failures="0" timestamp="2020-03-22T14:00:03 IST" time="28.085" errors="0">
  <testcase name="confirmTitle" time="11.041" classname="com.qa.Testcases.ContactsTest"/>
  <testcase name="Webtable" time="0.0" classname="com.qa.Testcases.ContactsTest">
    <ignored/>
  </testcase> <!-- Webtable -->
  <testcase name="createcontact" time="0.0" classname="com.qa.Testcases.ContactsTest">
    <ignored/>
  </testcase> <!-- createcontact -->
  <testcase name="login" time="0.0" classname="com.qa.Testcases.LoginTest">
    <ignored/>
  </testcase> <!-- login -->
  <testcase name="LoginDataExcel" time="0.0" classname="com.qa.Testcases.ContactsTest">
    <ignored/>
  </testcase> <!-- LoginDataExcel -->
</testsuite> <!-- Test(failed) -->
